Using pre-set license
Built from '2020.2/china_unity/release' branch; Version is '2020.2.6f1c1 (88e64323f9a5) revision 8971843'; Using compiler version '192528614'; Build Type 'Release'
OS: 'Windows 10 Enterprise; OS build 17763.1697; Version 1809; 64bit' Language: 'zh' Physical Memory: 16158 MB
BatchMode: 1, IsHumanControllingUs: 0, StartBugReporterOnCrash: 0, Is64bit: 1, IsPro: 0

 COMMAND LINE ARGUMENTS:
C:\Program Files\Unity\Hub\Editor\2020.2.6f1c1\Editor\Unity.exe
-adb2
-batchMode
-noUpm
-name
AssetImportWorker0
-projectPath
D:/SnowballBattle/SnowballBattle
-logFile
Logs/AssetImportWorker0.log
-srvPort
50570
Successfully changed project path to: D:/SnowballBattle/SnowballBattle
D:/SnowballBattle/SnowballBattle
Using Asset Import Pipeline V2.
Refreshing native plugins compatible for Editor in 37.74 ms, found 0 plugins.
Preloading 0 native plugins for Editor in 0.00 ms.
Initialize engine version: 2020.2.6f1c1 (88e64323f9a5)
[Subsystems] Discovering subsystems at path C:/Program Files/Unity/Hub/Editor/2020.2.6f1c1/Editor/Data/Resources/UnitySubsystems
[Subsystems] Discovering subsystems at path D:/SnowballBattle/SnowballBattle/Assets
GfxDevice: creating device client; threaded=0
Direct3D:
    Version:  Direct3D 11.0 [level 11.1]
    Renderer: NVIDIA GeForce GTX 1050 Ti (ID=0x1c82)
    Vendor:   
    VRAM:     4018 MB
    Driver:   24.21.13.9836
Shader 'Universal Render Pipeline/Particles/Lit': fallback shader 'Universal Render Pipeline/Particles/SimpleLit' not found
Initialize mono
Mono path[0] = 'C:/Program Files/Unity/Hub/Editor/2020.2.6f1c1/Editor/Data/Managed'
Mono path[1] = 'C:/Program Files/Unity/Hub/Editor/2020.2.6f1c1/Editor/Data/MonoBleedingEdge/lib/mono/unityjit'
Mono config path = 'C:/Program Files/Unity/Hub/Editor/2020.2.6f1c1/Editor/Data/MonoBleedingEdge/etc'
Using monoOptions --debugger-agent=transport=dt_socket,embedding=1,server=y,suspend=n,address=127.0.0.1:56776
Begin MonoManager ReloadAssembly
Registering precompiled unity dll's ...
Register platform support module: C:/Program Files/Unity/Hub/Editor/2020.2.6f1c1/Editor/Data/PlaybackEngines/WindowsStandaloneSupport/UnityEditor.WindowsStandalone.Extensions.dll
Registered in 0.000799 seconds.
Native extension for WindowsStandalone target not found
Refreshing native plugins compatible for Editor in 58.34 ms, found 0 plugins.
Preloading 0 native plugins for Editor in 0.00 ms.
Invoked RoslynAnalysisRunner static constructor.
RoslynAnalysisRunner will not be running.
RoslynAnalysisRunner has terminated.
Mono: successfully reloaded assembly
- Completed reload, in  0.753 seconds
Platform modules already initialized, skipping
Registering precompiled user dll's ...
Registered in 0.000819 seconds.
Begin MonoManager ReloadAssembly
Native extension for WindowsStandalone target not found
Refreshing native plugins compatible for Editor in 40.09 ms, found 0 plugins.
Preloading 0 native plugins for Editor in 0.00 ms.
Invoked RoslynAnalysisRunner static constructor.
RoslynAnalysisRunner will not be running.
RoslynAnalysisRunner has terminated.
Mono: successfully reloaded assembly
- Completed reload, in  0.781 seconds
Platform modules already initialized, skipping
========================================================================
Worker process is ready to serve import requests
Shader 'Universal Render Pipeline/Particles/Lit': fallback shader 'Universal Render Pipeline/Particles/SimpleLit' not found
Launched and connected shader compiler UnityShaderCompiler.exe after 0.04 seconds
Refreshing native plugins compatible for Editor in 0.40 ms, found 0 plugins.
Preloading 0 native plugins for Editor in 0.00 ms.
Unloading 2571 Unused Serialized files (Serialized files now loaded: 0)
System memory in use before: 120.8 MB.
System memory in use after: 121.0 MB.

Unloading 11 unused Assets to reduce memory usage. Loaded Objects now: 3023.
Total: 2.027700 ms (FindLiveObjects: 0.276700 ms CreateObjectMapping: 0.115900 ms MarkObjects: 1.576500 ms  DeleteObjects: 0.057100 ms)

========================================================================
Received Import Request.
  path: Assets/Scenes/SampleScene.unity
  artifactKey: Guid(d1c3109bdb54ad54c8a2b2838528e640) Importer(815301076,1909f56bfc062723c751e8b465ee728b)
Start importing Assets/Scenes/SampleScene.unity using Guid(d1c3109bdb54ad54c8a2b2838528e640) Importer(815301076,1909f56bfc062723c751e8b465ee728b)  -> (artifact id: '190eb4726b8316695946732e26a6991a') in 0.010290 seconds
  Import took 0.029213 seconds .

========================================================================
Received Import Request.
  Time since last request: 0.000260 seconds.
  path: Assets
  artifactKey: Guid(00000000000000001000000000000000) Importer(815301076,1909f56bfc062723c751e8b465ee728b)
Start importing Assets using Guid(00000000000000001000000000000000) Importer(815301076,1909f56bfc062723c751e8b465ee728b)  -> (artifact id: '23e4bae80aa58a9c9488b37e45769cbb') in 0.001902 seconds
  Import took 0.010265 seconds .

========================================================================
Received Import Request.
  Time since last request: 6.513285 seconds.
  path: Assets/Characters
  artifactKey: Guid(5a75a925e8d754e44a265bd7fada7e4f) Importer(815301076,1909f56bfc062723c751e8b465ee728b)
Start importing Assets/Characters using Guid(5a75a925e8d754e44a265bd7fada7e4f) Importer(815301076,1909f56bfc062723c751e8b465ee728b)  -> (artifact id: '76d7cd97e2e97d56cb4a847177c4e829') in 0.001972 seconds
  Import took 0.005859 seconds .

========================================================================
Received Import Request.
  Time since last request: 5.311078 seconds.
  path: Assets/Characters/Player.prefab
  artifactKey: Guid(c659fc3074de1094d86c2e63d6d79fd7) Importer(815301076,1909f56bfc062723c751e8b465ee728b)
Start importing Assets/Characters/Player.prefab using Guid(c659fc3074de1094d86c2e63d6d79fd7) Importer(815301076,1909f56bfc062723c751e8b465ee728b)  -> (artifact id: '9da79065632db8d5366162fd1a62952d') in 0.223319 seconds
  Import took 0.227788 seconds .

========================================================================
Received Import Request.
  Time since last request: 57.987884 seconds.
  path: Assets/Control
  artifactKey: Guid(659b323af490b6b45baef6f7b2774c98) Importer(815301076,1909f56bfc062723c751e8b465ee728b)
Start importing Assets/Control using Guid(659b323af490b6b45baef6f7b2774c98) Importer(815301076,1909f56bfc062723c751e8b465ee728b)  -> (artifact id: 'fe13a49e15d2ecda71c7b05149c3f27a') in 0.001838 seconds
  Import took 0.033245 seconds .

========================================================================
Received Import Request.
  Time since last request: 3.242345 seconds.
  path: Assets/Control/MobileControl.prefab
  artifactKey: Guid(6624eff7924295e448c739e387ce20d3) Importer(815301076,1909f56bfc062723c751e8b465ee728b)
Start importing Assets/Control/MobileControl.prefab using Guid(6624eff7924295e448c739e387ce20d3) Importer(815301076,1909f56bfc062723c751e8b465ee728b)  -> (artifact id: '4eb633734fd2c8dd0e23fc824e237ed0') in 0.016108 seconds
  Import took 0.020388 seconds .

========================================================================
Received Import Request.
  Time since last request: 0.003472 seconds.
  path: Assets/Control/MobileControl.prefab
  artifactKey: Guid(6624eff7924295e448c739e387ce20d3) Importer(815301076,1909f56bfc062723c751e8b465ee728b)
Start importing Assets/Control/MobileControl.prefab using Guid(6624eff7924295e448c739e387ce20d3) Importer(815301076,1909f56bfc062723c751e8b465ee728b)  -> (artifact id: '4eb633734fd2c8dd0e23fc824e237ed0') in 0.005752 seconds
  Import took 0.009635 seconds .

