Using pre-set license
Built from '2020.2/china_unity/release' branch; Version is '2020.2.6f1c1 (88e64323f9a5) revision 8971843'; Using compiler version '192528614'; Build Type 'Release'
OS: 'Windows 10 Enterprise; OS build 17763.1697; Version 1809; 64bit' Language: 'zh' Physical Memory: 16158 MB
BatchMode: 1, IsHumanControllingUs: 0, StartBugReporterOnCrash: 0, Is64bit: 1, IsPro: 0

 COMMAND LINE ARGUMENTS:
C:\Program Files\Unity\Hub\Editor\2020.2.6f1c1\Editor\Unity.exe
-adb2
-batchMode
-noUpm
-name
AssetImportWorker0
-projectPath
D:/SnowballBattle/SnowballBattle
-logFile
Logs/AssetImportWorker0.log
-srvPort
49181
Successfully changed project path to: D:/SnowballBattle/SnowballBattle
D:/SnowballBattle/SnowballBattle
Using Asset Import Pipeline V2.
Refreshing native plugins compatible for Editor in 37.44 ms, found 0 plugins.
Preloading 0 native plugins for Editor in 0.00 ms.
Initialize engine version: 2020.2.6f1c1 (88e64323f9a5)
[Subsystems] Discovering subsystems at path C:/Program Files/Unity/Hub/Editor/2020.2.6f1c1/Editor/Data/Resources/UnitySubsystems
[Subsystems] Discovering subsystems at path D:/SnowballBattle/SnowballBattle/Assets
GfxDevice: creating device client; threaded=0
Direct3D:
    Version:  Direct3D 11.0 [level 11.1]
    Renderer: NVIDIA GeForce GTX 1050 Ti (ID=0x1c82)
    Vendor:   
    VRAM:     4018 MB
    Driver:   24.21.13.9836
Shader 'Universal Render Pipeline/Particles/Lit': fallback shader 'Universal Render Pipeline/Particles/SimpleLit' not found
Initialize mono
Mono path[0] = 'C:/Program Files/Unity/Hub/Editor/2020.2.6f1c1/Editor/Data/Managed'
Mono path[1] = 'C:/Program Files/Unity/Hub/Editor/2020.2.6f1c1/Editor/Data/MonoBleedingEdge/lib/mono/unityjit'
Mono config path = 'C:/Program Files/Unity/Hub/Editor/2020.2.6f1c1/Editor/Data/MonoBleedingEdge/etc'
Using monoOptions --debugger-agent=transport=dt_socket,embedding=1,server=y,suspend=n,address=127.0.0.1:56268
Begin MonoManager ReloadAssembly
Registering precompiled unity dll's ...
Register platform support module: C:/Program Files/Unity/Hub/Editor/2020.2.6f1c1/Editor/Data/PlaybackEngines/WindowsStandaloneSupport/UnityEditor.WindowsStandalone.Extensions.dll
Registered in 0.000794 seconds.
Native extension for WindowsStandalone target not found
Refreshing native plugins compatible for Editor in 38.55 ms, found 0 plugins.
Preloading 0 native plugins for Editor in 0.00 ms.
Invoked RoslynAnalysisRunner static constructor.
RoslynAnalysisRunner will not be running.
RoslynAnalysisRunner has terminated.
Mono: successfully reloaded assembly
- Completed reload, in  0.685 seconds
Platform modules already initialized, skipping
Registering precompiled user dll's ...
Registered in 0.000822 seconds.
Begin MonoManager ReloadAssembly
Native extension for WindowsStandalone target not found
Refreshing native plugins compatible for Editor in 39.66 ms, found 0 plugins.
Preloading 0 native plugins for Editor in 0.00 ms.
Invoked RoslynAnalysisRunner static constructor.
RoslynAnalysisRunner will not be running.
RoslynAnalysisRunner has terminated.
Mono: successfully reloaded assembly
- Completed reload, in  0.763 seconds
Platform modules already initialized, skipping
========================================================================
Worker process is ready to serve import requests
Shader 'Universal Render Pipeline/Particles/Lit': fallback shader 'Universal Render Pipeline/Particles/SimpleLit' not found
Launched and connected shader compiler UnityShaderCompiler.exe after 0.04 seconds
Refreshing native plugins compatible for Editor in 0.39 ms, found 0 plugins.
Preloading 0 native plugins for Editor in 0.00 ms.
Unloading 2571 Unused Serialized files (Serialized files now loaded: 0)
System memory in use before: 120.7 MB.
System memory in use after: 120.9 MB.

Unloading 11 unused Assets to reduce memory usage. Loaded Objects now: 3023.
Total: 2.003900 ms (FindLiveObjects: 0.238200 ms CreateObjectMapping: 0.117900 ms MarkObjects: 1.593900 ms  DeleteObjects: 0.053300 ms)

========================================================================
Received Import Request.
  path: Assets/logo
  artifactKey: Guid(c912a38d12b704041b37639ee397fbc1) Importer(815301076,1909f56bfc062723c751e8b465ee728b)
Start importing Assets/logo using Guid(c912a38d12b704041b37639ee397fbc1) Importer(815301076,1909f56bfc062723c751e8b465ee728b)  -> (artifact id: 'b73afd428bf55c4fb54d92adbb4b962a') in 0.018592 seconds
  Import took 0.039315 seconds .

========================================================================
Received Import Request.
  Time since last request: 0.000202 seconds.
  path: Assets/logo/5c1ae19309604a33b918a19c4a21c160.png
  artifactKey: Guid(e36f1f2af9b82ff499ef404e08e27db7) Importer(815301076,1909f56bfc062723c751e8b465ee728b)
Start importing Assets/logo/5c1ae19309604a33b918a19c4a21c160.png using Guid(e36f1f2af9b82ff499ef404e08e27db7) Importer(815301076,1909f56bfc062723c751e8b465ee728b)  -> (artifact id: 'c20667a67f18bab30b9972da24fbb792') in 0.056264 seconds
  Import took 0.078670 seconds .

========================================================================
Received Import Request.
  Time since last request: 0.000226 seconds.
  path: Assets/logo/cropped-4-1-2.png
  artifactKey: Guid(e1c83ca6332954340b73adde5d9674ce) Importer(815301076,1909f56bfc062723c751e8b465ee728b)
Start importing Assets/logo/cropped-4-1-2.png using Guid(e1c83ca6332954340b73adde5d9674ce) Importer(815301076,1909f56bfc062723c751e8b465ee728b)  -> (artifact id: 'd19df52e150ce1906295ee195f4a3d9e') in 0.039871 seconds
  Import took 0.068326 seconds .

========================================================================
Received Import Request.
  Time since last request: 5.266739 seconds.
  path: Assets/logo/5c1ae19309604a33b918a19c4a21c160.png
  artifactKey: Guid(e36f1f2af9b82ff499ef404e08e27db7) Importer(815301076,1909f56bfc062723c751e8b465ee728b)
Start importing Assets/logo/5c1ae19309604a33b918a19c4a21c160.png using Guid(e36f1f2af9b82ff499ef404e08e27db7) Importer(815301076,1909f56bfc062723c751e8b465ee728b)  -> (artifact id: 'f33c1e1ee9c07cd76bc8a63756ca93ec') in 0.040198 seconds
  Import took 0.082529 seconds .

========================================================================
Received Import Request.
  Time since last request: 0.000249 seconds.
  path: Assets/logo/cropped-4-1-2.png
  artifactKey: Guid(e1c83ca6332954340b73adde5d9674ce) Importer(815301076,1909f56bfc062723c751e8b465ee728b)
Start importing Assets/logo/cropped-4-1-2.png using Guid(e1c83ca6332954340b73adde5d9674ce) Importer(815301076,1909f56bfc062723c751e8b465ee728b)  -> (artifact id: 'd8dfba46e55f1eca914bc4ba19d50f62') in 0.010692 seconds
  Import took 0.038582 seconds .

========================================================================
Received Prepare
Shader 'Universal Render Pipeline/Particles/Lit': fallback shader 'Universal Render Pipeline/Particles/SimpleLit' not found
Refreshing native plugins compatible for Editor in 1.15 ms, found 0 plugins.
Preloading 0 native plugins for Editor in 0.00 ms.
Unloading 3 Unused Serialized files (Serialized files now loaded: 0)
System memory in use before: 68.9 MB.
System memory in use after: 69.1 MB.

Unloading 3 unused Assets to reduce memory usage. Loaded Objects now: 3032.
Total: 2.819800 ms (FindLiveObjects: 0.246500 ms CreateObjectMapping: 0.101000 ms MarkObjects: 2.456500 ms  DeleteObjects: 0.014800 ms)

AssetImportWorkerClient::OnTransportError - code=2 error=End of file
